INFO 2024-06-06 15:45:45,496 autoreload 1432 4856 Watching for file changes with StatReloader
INFO 2024-06-06 15:45:47,485 basehttp 1432 9300 "GET / HTTP/1.1" 200 13
DEBUG 2024-06-06 15:45:51,432 views 1432 9300 
Coinflip successfully completed task. Result is equal to: reverse.
INFO 2024-06-06 15:45:51,433 basehttp 1432 9300 "GET /coinflip/ HTTP/1.1" 200 23
DEBUG 2024-06-06 15:45:52,944 views 1432 9300 
Coinflip successfully completed task. Result is equal to: averse.
INFO 2024-06-06 15:45:52,944 basehttp 1432 9300 "GET /coinflip/ HTTP/1.1" 200 22
DEBUG 2024-06-06 15:45:53,700 views 1432 9300 
Coinflip successfully completed task. Result is equal to: reverse.
INFO 2024-06-06 15:45:53,701 basehttp 1432 9300 "GET /coinflip/ HTTP/1.1" 200 23
DEBUG 2024-06-06 15:46:00,101 views 1432 9300 
Dice successfully completed task. Result is equal to: 2.
INFO 2024-06-06 15:46:00,102 basehttp 1432 9300 "GET /dice/ HTTP/1.1" 200 17
DEBUG 2024-06-06 15:46:00,899 views 1432 9300 
Dice successfully completed task. Result is equal to: 6.
INFO 2024-06-06 15:46:00,899 basehttp 1432 9300 "GET /dice/ HTTP/1.1" 200 17
DEBUG 2024-06-06 15:46:01,698 views 1432 9300 
Dice successfully completed task. Result is equal to: 3.
INFO 2024-06-06 15:46:01,699 basehttp 1432 9300 "GET /dice/ HTTP/1.1" 200 17
WARNING 2024-06-06 15:46:10,114 log 1432 9300 Not Found: /doce/
WARNING 2024-06-06 15:46:10,114 basehttp 1432 9300 "GET /doce/ HTTP/1.1" 404 2774
DEBUG 2024-06-06 15:46:21,845 views 1432 9300 
Random_Num successfully completed task. Result is equal to: 87.
INFO 2024-06-06 15:46:21,846 basehttp 1432 9300 "GET /random_num/ HTTP/1.1" 200 18
DEBUG 2024-06-06 15:46:23,731 views 1432 9300 
Random_Num successfully completed task. Result is equal to: 73.
INFO 2024-06-06 15:46:23,731 basehttp 1432 9300 "GET /random_num/ HTTP/1.1" 200 18
DEBUG 2024-06-06 15:46:24,548 views 1432 9300 
Random_Num successfully completed task. Result is equal to: 59.
INFO 2024-06-06 15:46:24,549 basehttp 1432 9300 "GET /random_num/ HTTP/1.1" 200 18
DEBUG 2024-06-06 15:46:26,454 views 1432 9300 
Random_Num successfully completed task. Result is equal to: 61.
INFO 2024-06-06 15:46:26,455 basehttp 1432 9300 "GET /random_num/ HTTP/1.1" 200 18
